<<<<<<< HEAD
(2015-05-15 15:34:11,520) [INFO] -Application running...

  (2015-05-15 15:35:01,306) [INFO] -Application running...

  (2015-05-15 15:35:56,083) [INFO] -Application running...

  (2015-05-15 15:36:45,072) [INFO] -Application running...

  (2015-05-15 15:37:56,833) [INFO] -Application running...

  (2015-05-15 15:39:11,951) [INFO] -Application running...

  (2015-05-15 15:42:23,627) [INFO] -Application running...

  (2015-05-15 15:42:32,356) [INFO] -Application running...

  (2015-05-15 15:43:27,641) [INFO] -Application running...

  (2015-05-15 15:44:04,186) [INFO] -Application running...

  (2015-05-15 15:44:18,454) [INFO] -Application running...

  (2015-05-15 15:46:25,929) [INFO] -Application running...

  (2015-05-15 15:47:51,473) [INFO] -Application running...

  (2015-05-15 15:48:38,641) [INFO] -Application running...

  (2015-05-15 15:50:11,825) [INFO] -Application running...

  (2015-05-15 15:51:45,304) [INFO] -Application running...

  (2015-05-15 15:52:02,968) [INFO] -Application running...

  (2015-05-15 15:52:40,899) [INFO] -Application running...

  (2015-05-15 15:53:10,753) [INFO] -Application running...

=======
1 [DEBUG] -this is a message
  2 [INFO] -this is a message
  2 [WARN] -this is a message
  2 [ERROR] -this is a message
  2 [FATAL] -this is a message
  (2015-05-14 13:13:17,896)0 [DEBUG] -this is a message
  (2015-05-14 13:13:17,900)4 [INFO] -this is a message
  (2015-05-14 13:13:17,900)4 [WARN] -this is a message
  (2015-05-14 13:13:17,901)5 [ERROR] -this is a message
  (2015-05-14 13:13:17,901)5 [FATAL] -this is a message
  (2015-05-14 13:14:00,532) [DEBUG] -this is a message
  (2015-05-14 13:14:00,534) [INFO] -this is a message
  (2015-05-14 13:14:00,534) [WARN] -this is a message
  (2015-05-14 13:14:00,534) [ERROR] -this is a message
  (2015-05-14 13:14:00,535) [FATAL] -this is a message
>>>>>>> d308bf1f0794cf353959be44323546137e0518ec
  (2015-05-16 16:44:56,211) [INFO] -Application running...

  (2015-05-16 16:45:22,565) [INFO] -Application running...

  (2015-05-16 16:45:33,830) [INFO] -Application running...

  